<?xml version="1.0" encoding="UTF-8"?>
<!-- Generated by org.testng.reporters.JUnitReportReporter -->
<testsuite hostname="DESKTOP-JH1RM8P" failures="0" tests="1" name="testCase.TC_SignInData" time="38.120" errors="0" timestamp="2025-08-11T17:22:14 IST" skipped="0">
  <testcase classname="testCase.TC_SignInData" name="verify_login_and_signout" time="38.120"/>
</testsuite> <!-- testCase.TC_SignInData -->
